app/build/intermediates/manifest_merge_blame_file/debug/manifest-merger-blame-debug-report.txt
1<?xml version="1.0" encoding="utf-8"?>
2<manifest xmlns:android="http://schemas.android.com/apk/res/android"
3    package="com.example.a1209_app"
4    android:versionCode="1"
5    android:versionName="1.0" >
6
7    <uses-sdk
8        android:minSdkVersion="26"
8-->src\main\AndroidManifest.xml
9        android:targetSdkVersion="30" />
9-->src\main\AndroidManifest.xml
10
11    <uses-permission android:name="android.permission.READ_PHONE_STATE" />
11-->src\main\AndroidManifest.xml:5:5-75
11-->src\main\AndroidManifest.xml:5:22-72
12    <uses-permission android:name="android.permission.READ_CALL_LOG" />
12-->src\main\AndroidManifest.xml:6:5-71
12-->src\main\AndroidManifest.xml:6:22-69
13    <uses-permission android:name="android.permission.INTERNET" />
13-->src\main\AndroidManifest.xml:7:5-67
13-->src\main\AndroidManifest.xml:7:22-64
14    <uses-permission android:name="android.permission.VIBRATE" />
14-->src\main\AndroidManifest.xml:8:5-66
14-->src\main\AndroidManifest.xml:8:22-63
15
16    <application
16-->src\main\AndroidManifest.xml:10:5-40:19
17        android:allowBackup="true"
17-->src\main\AndroidManifest.xml:11:9-35
18        android:appComponentFactory="android.support.v4.app.CoreComponentFactory"
18-->[com.android.support:support-compat:28.0.0] AndroidManifest.xml:22:18-91
19        android:debuggable="true"
20        android:extractNativeLibs="false"
21        android:icon="@mipmap/ic_launcher"
21-->src\main\AndroidManifest.xml:12:9-43
22        android:label="@string/app_name"
22-->src\main\AndroidManifest.xml:13:9-41
23        android:roundIcon="@mipmap/ic_launcher_round"
23-->src\main\AndroidManifest.xml:14:9-54
24        android:supportsRtl="true"
24-->src\main\AndroidManifest.xml:15:9-35
25        android:theme="@style/Theme.1209_app"
25-->src\main\AndroidManifest.xml:16:9-46
26        android:usesCleartextTraffic="true" >
26-->src\main\AndroidManifest.xml:17:9-44
27        <uses-library
27-->src\main\AndroidManifest.xml:19:9-20:39
28            android:name="org.apache.http.legacy"
28-->src\main\AndroidManifest.xml:19:23-60
29            android:required="false" />
29-->src\main\AndroidManifest.xml:20:13-37
30
31        <receiver
31-->src\main\AndroidManifest.xml:22:9-29:20
32            android:name="com.example.a1209_app.CallReceiver"
32-->src\main\AndroidManifest.xml:23:13-41
33            android:enabled="true"
33-->src\main\AndroidManifest.xml:24:13-35
34            android:exported="true" >
34-->src\main\AndroidManifest.xml:25:13-36
35            <intent-filter>
35-->src\main\AndroidManifest.xml:26:13-28:29
36                <action android:name="android.intent.action.PHONE_STATE" />
36-->src\main\AndroidManifest.xml:27:17-76
36-->src\main\AndroidManifest.xml:27:25-73
37            </intent-filter>
38        </receiver>
39
40        <activity
40-->src\main\AndroidManifest.xml:31:9-39:20
41            android:name="com.example.a1209_app.MainActivity"
41-->src\main\AndroidManifest.xml:32:13-41
42            android:exported="true" >
42-->src\main\AndroidManifest.xml:33:13-36
43            <intent-filter>
43-->src\main\AndroidManifest.xml:34:13-38:29
44                <action android:name="android.intent.action.MAIN" />
44-->src\main\AndroidManifest.xml:35:17-69
44-->src\main\AndroidManifest.xml:35:25-66
45
46                <category android:name="android.intent.category.LAUNCHER" />
46-->src\main\AndroidManifest.xml:37:17-77
46-->src\main\AndroidManifest.xml:37:27-74
47            </intent-filter>
48        </activity>
49    </application>
50
51</manifest>